This is pdfTeX, Version 3.1415926-2.5-1.40.14 (MiKTeX 2.9) (preloaded format=pdflatex 2013.12.8)  16 MAY 2016 07:14
entering extended mode
**F:/git_repositories/Articles/Comparison*of*SiPMs/main.tex
("F:/git_repositories/Articles/Comparison of SiPMs/main.tex"
LaTeX2e <2011/06/27>
Babel <v3.8m> and hyphenation patterns for english, afrikaans, ancientgreek, ar
abic, armenian, assamese, basque, bengali, bokmal, bulgarian, catalan, coptic, 
croatian, czech, danish, dutch, esperanto, estonian, farsi, finnish, french, ga
lician, german, german-x-2013-05-26, greek, gujarati, hindi, hungarian, iceland
ic, indonesian, interlingua, irish, italian, kannada, kurmanji, latin, latvian,
 lithuanian, malayalam, marathi, mongolian, mongolianlmc, monogreek, ngerman, n
german-x-2013-05-26, nynorsk, oriya, panjabi, pinyin, polish, portuguese, roman
ian, russian, sanskrit, serbian, slovak, slovenian, spanish, swedish, swissgerm
an, tamil, telugu, turkish, turkmen, ukenglish, ukrainian, uppersorbian, usengl
ishmax, welsh, loaded.
(C:\Latex\Full_TeX\texmf\tex\latex\base\article.cls
Document Class: article 2007/10/19 v1.4h Standard LaTeX document class
(C:\Latex\Full_TeX\texmf\tex\latex\base\size12.clo
File: size12.clo 2007/10/19 v1.4h Standard LaTeX file (size option)
)
\c@part=\count79
\c@section=\count80
\c@subsection=\count81
\c@subsubsection=\count82
\c@paragraph=\count83
\c@subparagraph=\count84
\c@figure=\count85
\c@table=\count86
\abovecaptionskip=\skip41
\belowcaptionskip=\skip42
\bibindent=\dimen102
)
(C:\Latex\Full_TeX\texmf\tex\latex\russ\russ.sty
Package: russ 2012/01/26 Russian language

(C:\Latex\Full_TeX\texmf\tex\latex\base\inputenc.sty
Package: inputenc 2008/03/30 v1.1d Input encoding file
\inpenc@prehook=\toks14
\inpenc@posthook=\toks15

(C:\Latex\Full_TeX\texmf\tex\latex\cyrillic\cp1251.def
File: cp1251.def 1999/11/16 v1.0d Input encoding file
))
(C:\Latex\Full_TeX\texmf\tex\latex\tools\xspace.sty
Package: xspace 2009/10/20 v1.13 Space after command names (DPC,MH)
)
(C:\Latex\Full_TeX\texmf\tex\latex\cyrillic\t2aenc.def
File: t2aenc.def 2005/09/27 v1.0i Cyrillic encoding definition file
)
LaTeX Font Info:    Try loading font information for T2A+cmr on input line 43.

(C:\Latex\Full_TeX\texmf\tex\latex\cyrillic\t2acmr.fd
File: t2acmr.fd 2001/08/11 v1.0a Computer Modern Cyrillic font definitions
)
\symrletters=\mathgroup4
LaTeX Font Info:    Overwriting symbol font `rletters' in version `bold'
(Font)                  T2A/cmr/m/it --> T2A/cmr/b/it on input line 99.
LaTeX Font Info:    Overwriting math alphabet `\mathrm' in version `normal'
(Font)                  OT1/cmr/m/n --> T2A/cmr/m/n on input line 173.
LaTeX Font Info:    Overwriting math alphabet `\mathrm' in version `bold'
(Font)                  OT1/cmr/bx/n --> T2A/cmr/b/n on input line 174.
LaTeX Font Info:    Overwriting math alphabet `\mathit' in version `normal'
(Font)                  OT1/cmr/m/it --> T2A/cmr/m/it on input line 175.
LaTeX Font Info:    Overwriting math alphabet `\mathit' in version `bold'
(Font)                  OT1/cmr/bx/it --> T2A/cmr/b/it on input line 176.
LaTeX Font Info:    Overwriting math alphabet `\mathbf' in version `normal'
(Font)                  OT1/cmr/bx/n --> T2A/cmr/b/n on input line 177.
LaTeX Font Info:    Overwriting math alphabet `\mathbf' in version `bold'
(Font)                  OT1/cmr/bx/n --> T2A/cmr/b/n on input line 178.


 Correcting math definitions,
\symAMSa=\mathgroup5
\symAMSb=\mathgroup6
 heading names, counters, lists,
\c@rlistctr=\count87
 headings,
captions, theorems, running heads, appendix, \cleardoublepage, quotes,
... finished.
LaTeX Info: Redefining \÷ on input line 687.
) (C:\Latex\Full_TeX\texmf\tex\latex\cmap\cmap.sty
Package: cmap 2008/03/06 v1.0h CMap support: searchable PDF
)
(C:\Latex\Full_TeX\texmf\tex\latex\cite\cite.sty
LaTeX Info: Redefining \cite on input line 302.
LaTeX Info: Redefining \nocite on input line 332.
Package: cite 2015/02/27  v 5.5
)
(C:\Latex\Full_TeX\texmf\tex\latex\base\fontenc.sty
Package: fontenc 2005/09/27 v1.99g Standard LaTeX package

(C:\Latex\Full_TeX\texmf\tex\latex\cyrillic\t2aenc.def
File: t2aenc.def 2005/09/27 v1.0i Cyrillic encoding definition file
LaTeX Font Info:    Redeclaring font encoding T2A on input line 38.
))
(C:\Latex\Full_TeX\texmf\tex\generic\babel\babel.sty
Package: babel 2008/07/08 v3.8m The Babel package

*************************************
* Local config file bblopts.cfg used
*
(C:\Latex\Full_TeX\texmf\tex\latex\00miktex\bblopts.cfg
File: bblopts.cfg 2006/07/31 v1.0 MiKTeX 'babel' configuration
)
(C:\Latex\Full_TeX\texmf\tex\generic\babel\english.ldf
Language: english 2005/03/30 v3.3o English support from the babel system

(C:\Latex\Full_TeX\texmf\tex\generic\babel\babel.def
File: babel.def 2008/07/08 v3.8m Babel common definitions
\babel@savecnt=\count88
\U@D=\dimen103
)
\l@canadian = a dialect from \language\l@american 
\l@australian = a dialect from \language\l@british 
\l@newzealand = a dialect from \language\l@british 
)
(C:\Latex\Full_TeX\texmf\tex\generic\babel\germanb.ldf
Language: germanb 2008/06/01 v2.6m German support from the babel system
\l@austrian = a dialect from \language\l@german 
Package babel Info: Making " an active character on input line 102.
)
(C:\Latex\Full_TeX\texmf\tex\generic\babel\russianb.ldf
Language: russianb 2008/03/21 v1.1r Russian support from the babel system
LaTeX Info: Redefining \No on input line 305.
))
(C:\Latex\Full_TeX\texmf\tex\latex\tools\calc.sty
Package: calc 2007/08/22 v4.3 Infix arithmetic (KKT,FJ)
\calc@Acount=\count89
\calc@Bcount=\count90
\calc@Adimen=\dimen104
\calc@Bdimen=\dimen105
\calc@Askip=\skip43
\calc@Bskip=\skip44
LaTeX Info: Redefining \setlength on input line 76.
LaTeX Info: Redefining \addtolength on input line 77.
\calc@Ccount=\count91
\calc@Cskip=\skip45
)
(C:\Latex\Full_TeX\texmf\tex\latex\graphics\graphicx.sty
Package: graphicx 1999/02/16 v1.0f Enhanced LaTeX Graphics (DPC,SPQR)

(C:\Latex\Full_TeX\texmf\tex\latex\graphics\keyval.sty
Package: keyval 1999/03/16 v1.13 key=value parser (DPC)
\KV@toks@=\toks16
)
(C:\Latex\Full_TeX\texmf\tex\latex\graphics\graphics.sty
Package: graphics 2009/02/05 v1.0o Standard LaTeX Graphics (DPC,SPQR)

(C:\Latex\Full_TeX\texmf\tex\latex\graphics\trig.sty
Package: trig 1999/03/16 v1.09 sin cos tan (DPC)
)
(C:\Latex\Full_TeX\texmf\tex\latex\00miktex\graphics.cfg
File: graphics.cfg 2007/01/18 v1.5 graphics configuration of teTeX/TeXLive
)
Package graphics Info: Driver file: pdftex.def on input line 91.

(C:\Latex\Full_TeX\texmf\tex\latex\pdftex-def\pdftex.def
File: pdftex.def 2011/05/27 v0.06d Graphics/color for pdfTeX

(C:\Latex\Full_TeX\texmf\tex\generic\oberdiek\infwarerr.sty
Package: infwarerr 2010/04/08 v1.3 Providing info/warning/error messages (HO)
)
(C:\Latex\Full_TeX\texmf\tex\generic\oberdiek\ltxcmds.sty
Package: ltxcmds 2011/11/09 v1.22 LaTeX kernel commands for general use (HO)
)
\Gread@gobject=\count92
))
\Gin@req@height=\dimen106
\Gin@req@width=\dimen107
)
(C:\Latex\Full_TeX\texmf\tex\latex\oberdiek\epstopdf.sty
Package: epstopdf 2010/02/09 v2.5 Conversion with epstopdf on the fly (HO)

(C:\Latex\Full_TeX\texmf\tex\latex\oberdiek\epstopdf-base.sty
Package: epstopdf-base 2010/02/09 v2.5 Base part for package epstopdf

(C:\Latex\Full_TeX\texmf\tex\latex\oberdiek\grfext.sty
Package: grfext 2010/08/19 v1.1 Manage graphics extensions (HO)

(C:\Latex\Full_TeX\texmf\tex\generic\oberdiek\kvdefinekeys.sty
Package: kvdefinekeys 2011/04/07 v1.3 Define keys (HO)
))
(C:\Latex\Full_TeX\texmf\tex\latex\oberdiek\kvoptions.sty
Package: kvoptions 2011/06/30 v3.11 Key value format for package options (HO)

(C:\Latex\Full_TeX\texmf\tex\generic\oberdiek\kvsetkeys.sty
Package: kvsetkeys 2012/04/25 v1.16 Key value parser (HO)

(C:\Latex\Full_TeX\texmf\tex\generic\oberdiek\etexcmds.sty
Package: etexcmds 2011/02/16 v1.5 Avoid name clashes with e-TeX commands (HO)

(C:\Latex\Full_TeX\texmf\tex\generic\oberdiek\ifluatex.sty
Package: ifluatex 2010/03/01 v1.3 Provides the ifluatex switch (HO)
Package ifluatex Info: LuaTeX not detected.
)
Package etexcmds Info: Could not find \expanded.
(etexcmds)             That can mean that you are not using pdfTeX 1.50 or
(etexcmds)             that some package has redefined \expanded.
(etexcmds)             In the latter case, load this package earlier.
)))
(C:\Latex\Full_TeX\texmf\tex\generic\oberdiek\pdftexcmds.sty
Package: pdftexcmds 2011/11/29 v0.20 Utility functions of pdfTeX for LuaTeX (HO
)

(C:\Latex\Full_TeX\texmf\tex\generic\oberdiek\ifpdf.sty
Package: ifpdf 2011/01/30 v2.3 Provides the ifpdf switch (HO)
Package ifpdf Info: pdfTeX in PDF mode is detected.
)
Package pdftexcmds Info: LuaTeX not detected.
Package pdftexcmds Info: \pdf@primitive is available.
Package pdftexcmds Info: \pdf@ifprimitive is available.
Package pdftexcmds Info: \pdfdraftmode found.
)
Package grfext Info: Graphics extension search list:
(grfext)             [.png,.pdf,.jpg,.mps,.jpeg,.jbig2,.jb2,.PNG,.PDF,.JPG,.JPE
G,.JBIG2,.JB2,.eps]
(grfext)             \AppendGraphicsExtensions on input line 452.
))
(C:\Latex\Full_TeX\texmf\tex\latex\base\latexsym.sty
Package: latexsym 1998/08/17 v2.2e Standard LaTeX package (lasy symbols)
\symlasy=\mathgroup7
LaTeX Font Info:    Overwriting symbol font `lasy' in version `bold'
(Font)                  U/lasy/m/n --> U/lasy/b/n on input line 47.
)
(C:\Latex\Full_TeX\texmf\tex\latex\amsfonts\amsfonts.sty
Package: amsfonts 2013/01/14 v3.01 Basic AMSFonts support
\@emptytoks=\toks17
LaTeX Font Info:    Redeclaring symbol font `AMSa' on input line 59.
LaTeX Font Info:    Overwriting symbol font `AMSa' in version `normal'
(Font)                  U/msa/m/n --> U/msa/m/n on input line 59.
LaTeX Font Info:    Overwriting symbol font `AMSa' in version `bold'
(Font)                  U/msa/m/n --> U/msa/m/n on input line 59.
LaTeX Font Info:    Redeclaring symbol font `AMSb' on input line 60.
LaTeX Font Info:    Overwriting symbol font `AMSb' in version `normal'
(Font)                  U/msb/m/n --> U/msb/m/n on input line 60.
LaTeX Font Info:    Overwriting symbol font `AMSb' in version `bold'
(Font)                  U/msb/m/n --> U/msb/m/n on input line 60.
LaTeX Font Info:    Overwriting math alphabet `\mathfrak' in version `bold'
(Font)                  U/euf/m/n --> U/euf/b/n on input line 106.
)
(C:\Latex\Full_TeX\texmf\tex\latex\amsfonts\amssymb.sty
Package: amssymb 2013/01/14 v3.01 AMS font symbols
LaTeX Font Info:    Redeclaring math symbol \leqslant on input line 101.
LaTeX Font Info:    Redeclaring math symbol \geqslant on input line 108.
LaTeX Font Info:    Redeclaring math symbol \varkappa on input line 260.
)
(C:\Latex\Full_TeX\texmf\tex\latex\amsmath\amsmath.sty
Package: amsmath 2013/01/14 v2.14 AMS math features
\@mathmargin=\skip46

For additional information on amsmath, use the `?' option.
(C:\Latex\Full_TeX\texmf\tex\latex\amsmath\amstext.sty
Package: amstext 2000/06/29 v2.01

(C:\Latex\Full_TeX\texmf\tex\latex\amsmath\amsgen.sty
File: amsgen.sty 1999/11/30 v2.0
\@emptytoks=\toks18
\ex@=\dimen108
))
(C:\Latex\Full_TeX\texmf\tex\latex\amsmath\amsbsy.sty
Package: amsbsy 1999/11/29 v1.2d
\pmbraise@=\dimen109
)
(C:\Latex\Full_TeX\texmf\tex\latex\amsmath\amsopn.sty
Package: amsopn 1999/12/14 v2.01 operator names
)
\inf@bad=\count93
LaTeX Info: Redefining \frac on input line 210.
\uproot@=\count94
\leftroot@=\count95
LaTeX Info: Redefining \overline on input line 306.
\classnum@=\count96
\DOTSCASE@=\count97
LaTeX Info: Redefining \ldots on input line 378.
LaTeX Info: Redefining \dots on input line 381.
LaTeX Info: Redefining \cdots on input line 466.
\Mathstrutbox@=\box26
\strutbox@=\box27
\big@size=\dimen110
LaTeX Font Info:    Redeclaring font encoding OML on input line 566.
LaTeX Font Info:    Redeclaring font encoding OMS on input line 567.
\macc@depth=\count98
\c@MaxMatrixCols=\count99
\dotsspace@=\muskip10
\c@parentequation=\count100
\dspbrk@lvl=\count101
\tag@help=\toks19
\row@=\count102
\column@=\count103
\maxfields@=\count104
\andhelp@=\toks20
\eqnshift@=\dimen111
\alignsep@=\dimen112
\tagshift@=\dimen113
\tagwidth@=\dimen114
\totwidth@=\dimen115
\lineht@=\dimen116
\@envbody=\toks21
\multlinegap=\skip47
\multlinetaggap=\skip48
\mathdisplay@stack=\toks22
LaTeX Info: Redefining \[ on input line 2665.
LaTeX Info: Redefining \] on input line 2666.
)
(C:\Latex\Full_TeX\texmf\tex\latex\amsfonts\eucal.sty
Package: eucal 2009/06/22 v3.00 Euler Script fonts
LaTeX Font Info:    Overwriting math alphabet `\EuScript' in version `bold'
(Font)                  U/eus/m/n --> U/eus/b/n on input line 33.
)
(C:\Latex\Full_TeX\texmf\tex\latex\base\exscale.sty
Package: exscale 2007/10/29 v2.1h Standard LaTeX package exscale
LaTeX Font Info:    Redeclaring symbol font `largesymbols' on input line 52.
LaTeX Font Info:    Overwriting symbol font `largesymbols' in version `normal'
(Font)                  OMX/cmex/m/n --> OMX/cmex/m/n on input line 52.
LaTeX Font Info:    Overwriting symbol font `largesymbols' in version `bold'
(Font)                  OMX/cmex/m/n --> OMX/cmex/m/n on input line 52.
\big@size=\dimen117
)
(C:\Latex\Full_TeX\texmf\tex\latex\tools\indentfirst.sty
Package: indentfirst 1995/11/23 v1.03 Indent first paragraph (DPC)
)
(C:\Latex\Full_TeX\texmf\tex\latex\tools\verbatim.sty
Package: verbatim 2003/08/22 v1.5q LaTeX2e package for verbatim enhancements
\every@verbatim=\toks23
\verbatim@line=\toks24
\verbatim@in@stream=\read1
)
(C:\Latex\Full_TeX\texmf\tex\latex\tools\layout.sty
Package: layout 2000/09/25 v1.2c Show layout parameters
\oneinch=\count105
\cnt@paperwidth=\count106
\cnt@paperheight=\count107
\cnt@hoffset=\count108
\cnt@voffset=\count109
\cnt@textheight=\count110
\cnt@textwidth=\count111
\cnt@topmargin=\count112
\cnt@oddsidemargin=\count113
\cnt@evensidemargin=\count114
\cnt@headheight=\count115
\cnt@headsep=\count116
\cnt@marginparsep=\count117
\cnt@marginparwidth=\count118
\cnt@marginparpush=\count119
\cnt@footskip=\count120
\fheight=\count121
\ref@top=\count122
\ref@hoffset=\count123
\ref@voffset=\count124
\ref@head=\count125
\ref@body=\count126
\ref@foot=\count127
\ref@margin=\count128
\ref@marginwidth=\count129
\ref@marginpar=\count130
\Interval=\count131
\ExtraYPos=\count132
\PositionX=\count133
\PositionY=\count134
\ArrowLength=\count135
)
(C:\Latex\Full_TeX\texmf\tex\latex\miller\miller.sty
Package: miller 2004/09/20 v1.2 print miller indices
)
(C:\Latex\Full_TeX\texmf\tex\latex\natbib\natbib.sty
Package: natbib 2010/09/13 8.31b (PWD, AO)


Package natbib Warning: The `cite' package should not be used
(natbib)                with natbib. Use option `sort' instead.

\bibhang=\skip49
\bibsep=\skip50
LaTeX Info: Redefining \cite on input line 694.
LaTeX Info: Redefining \citenum on input line 708.
\c@NAT@ctr=\count136
) (C:\Latex\Full_TeX\texmf\tex\latex\url\url.sty
\Urlmuskip=\muskip11
Package: url 2006/04/12  ver 3.3  Verb mode for urls, etc.
)
(C:\Latex\Full_TeX\texmf\tex\latex\tools\multicol.sty
Package: multicol 2011/06/27 v1.7a multicolumn formatting (FMi)
\c@tracingmulticols=\count137
\mult@box=\box28
\multicol@leftmargin=\dimen118
\c@unbalance=\count138
\c@collectmore=\count139
\doublecol@number=\count140
\multicoltolerance=\count141
\multicolpretolerance=\count142
\full@width=\dimen119
\page@free=\dimen120
\premulticols=\dimen121
\postmulticols=\dimen122
\multicolsep=\skip51
\multicolbaselineskip=\skip52
\partial@page=\box29
\last@line=\box30
\mult@rightbox=\box31
\mult@grightbox=\box32
\mult@gfirstbox=\box33
\mult@firstbox=\box34
\@tempa=\box35
\@tempa=\box36
\@tempa=\box37
\@tempa=\box38
\@tempa=\box39
\@tempa=\box40
\@tempa=\box41
\@tempa=\box42
\@tempa=\box43
\@tempa=\box44
\@tempa=\box45
\@tempa=\box46
\@tempa=\box47
\@tempa=\box48
\@tempa=\box49
\@tempa=\box50
\@tempa=\box51
\c@columnbadness=\count143
\c@finalcolumnbadness=\count144
\last@try=\dimen123
\multicolovershoot=\dimen124
\multicolundershoot=\dimen125
\mult@nat@firstbox=\box52
\colbreak@box=\box53
\multicol@sort@counter=\count145
)
(C:\Latex\Full_TeX\texmf\tex\latex\rotating\rotating.sty
Package: rotating 2009/03/28 v2.16a rotated objects in LaTeX

(C:\Latex\Full_TeX\texmf\tex\latex\base\ifthen.sty
Package: ifthen 2001/05/26 v1.1c Standard LaTeX ifthen package (DPC)
)
\c@r@tfl@t=\count146
\rotFPtop=\skip53
\rotFPbot=\skip54
\rot@float@box=\box54
\rot@mess@toks=\toks25
)
(C:\Latex\Full_TeX\texmf\tex\latex\graphics\lscape.sty
Package: lscape 2000/10/22 v3.01 Landscape Pages (DPC)
)
(C:\Latex\Full_TeX\texmf\tex\latex\multirow\multirow.sty
\bigstrutjot=\dimen126
)
(C:\Latex\Full_TeX\texmf\tex\latex\geometry\geometry.sty
Package: geometry 2010/09/12 v5.6 Page Geometry

(C:\Latex\Full_TeX\texmf\tex\generic\oberdiek\ifvtex.sty
Package: ifvtex 2010/03/01 v1.5 Detect VTeX and its facilities (HO)
Package ifvtex Info: VTeX not detected.
)
(C:\Latex\Full_TeX\texmf\tex\generic\ifxetex\ifxetex.sty
Package: ifxetex 2010/09/12 v0.6 Provides ifxetex conditional
)
\Gm@cnth=\count147
\Gm@cntv=\count148
\c@Gm@tempcnt=\count149
\Gm@bindingoffset=\dimen127
\Gm@wd@mp=\dimen128
\Gm@odd@mp=\dimen129
\Gm@even@mp=\dimen130
\Gm@layoutwidth=\dimen131
\Gm@layoutheight=\dimen132
\Gm@layouthoffset=\dimen133
\Gm@layoutvoffset=\dimen134
\Gm@dimlist=\toks26

(C:\Latex\Full_TeX\texmf\tex\latex\geometry\geometry.cfg))
("F:\git_repositories\Articles\Comparison of SiPMs\main.aux"
("F:\git_repositories\Articles\Comparison of SiPMs\content_eng.aux")
("F:\git_repositories\Articles\Comparison of SiPMs\bibliography.aux"))
LaTeX Font Info:    Checking defaults for OML/cmm/m/it on input line 42.
LaTeX Font Info:    ... okay on input line 42.
LaTeX Font Info:    Checking defaults for T1/cmr/m/n on input line 42.
LaTeX Font Info:    ... okay on input line 42.
LaTeX Font Info:    Checking defaults for OT1/cmr/m/n on input line 42.
LaTeX Font Info:    ... okay on input line 42.
LaTeX Font Info:    Checking defaults for OMS/cmsy/m/n on input line 42.
LaTeX Font Info:    ... okay on input line 42.
LaTeX Font Info:    Checking defaults for OMX/cmex/m/n on input line 42.
LaTeX Font Info:    ... okay on input line 42.
LaTeX Font Info:    Checking defaults for U/cmr/m/n on input line 42.
LaTeX Font Info:    ... okay on input line 42.
LaTeX Font Info:    Checking defaults for T2A/cmr/m/n on input line 42.
LaTeX Font Info:    ... okay on input line 42.

(C:\Latex\Full_TeX\texmf\tex\context\base\supp-pdf.mkii
[Loading MPS to PDF converter (version 2006.09.02).]
\scratchcounter=\count150
\scratchdimen=\dimen135
\scratchbox=\box55
\nofMPsegments=\count151
\nofMParguments=\count152
\everyMPshowfont=\toks27
\MPscratchCnt=\count153
\MPscratchDim=\dimen136
\MPnumerator=\count154
\makeMPintoPDFobject=\count155
\everyMPtoPDFconversion=\toks28
)
*geometry* driver: auto-detecting
*geometry* detected driver: pdftex
*geometry* verbose mode - [ preamble ] result:
* driver: pdftex
* paper: a4paper
* layout: <same size as paper>
* layoutoffset:(h,v)=(0.0pt,0.0pt)
* modes: includehead 
* h-part:(L,W,R)=(85.35826pt, 441.01773pt, 71.13188pt)
* v-part:(T,H,B)=(56.9055pt, 731.23584pt, 56.9055pt)
* \paperwidth=597.50787pt
* \paperheight=845.04684pt
* \textwidth=441.01773pt
* \textheight=697.89629pt
* \oddsidemargin=13.08827pt
* \evensidemargin=13.08827pt
* \topmargin=-15.36449pt
* \headheight=12.0pt
* \headsep=21.33955pt
* \topskip=12.0pt
* \footskip=28.45274pt
* \marginparwidth=49.79231pt
* \marginparsep=10.0pt
* \columnsep=10.0pt
* \skip\footins=10.8pt plus 4.0pt minus 2.0pt
* \hoffset=0.0pt
* \voffset=0.0pt
* \mag=1000
* \@twocolumnfalse
* \@twosidefalse
* \@mparswitchfalse
* \@reversemarginfalse
* (1in=72.27pt=25.4mm, 1cm=28.453pt)

("F:\git_repositories\Articles\Comparison of SiPMs\content_eng.tex"<<t2a.cmap>>

Overfull \hbox (10.19844pt too wide) in paragraph at lines 4--8
\T2A/cmr/m/n/12 photomultipliers on quantum efficiency, size and resistance to 
the magnetic field. However,
 []


Overfull \hbox (5.108pt too wide) in paragraph at lines 9--12
\T2A/cmr/m/n/12 previous generation. An offline signal processing was performed
 by a pulse approximation
 []

<<ot1.cmap>><<oml.cmap>><<oms.cmap>><<omx.cmap>>
LaTeX Font Info:    External font `cmex7' loaded for size
(Font)              <6> on input line 16.
LaTeX Font Info:    Try loading font information for U+msa on input line 16.

(C:\Latex\Full_TeX\texmf\tex\latex\amsfonts\umsa.fd
File: umsa.fd 2013/01/14 v3.01 AMS symbols A
)
LaTeX Font Info:    Try loading font information for U+msb on input line 16.

(C:\Latex\Full_TeX\texmf\tex\latex\amsfonts\umsb.fd
File: umsb.fd 2013/01/14 v3.01 AMS symbols B
)
LaTeX Font Info:    Try loading font information for U+lasy on input line 16.

(C:\Latex\Full_TeX\texmf\tex\latex\base\ulasy.fd
File: ulasy.fd 1998/08/17 v2.2e LaTeX symbol font definitions
)
Overfull \hbox (2.63632pt too wide) in paragraph at lines 26--27
[][]\T2A/cmr/m/n/12 The main purpose of this work is to measure after-pulsing a
nd cross-talk probabilities
 []

[1


{C:/Latex/Full_TeX/texmf/pdftex/config/pdftex.map}]
Package epstopdf Info: Source file: <pictures/install_V_bd_11.eps>
(epstopdf)                    date: 2016-04-30 19:21:46
(epstopdf)                    size: 28818 bytes
(epstopdf)             Output file: <pictures/install_V_bd_11-eps-converted-to.
pdf>
(epstopdf)                    date: 2016-04-30 19:21:46
(epstopdf)                    size: 11178 bytes
(epstopdf)             Command: <epstopdf --outfile=pictures/install_V_bd_11-ep
s-converted-to.pdf pictures/install_V_bd_11.eps>
(epstopdf)             \includegraphics on input line 50.
Package epstopdf Info: Output file is already uptodate.

<pictures/install_V_bd_11-eps-converted-to.pdf, id=16, 768.8725pt x 324.21124pt
>
File: pictures/install_V_bd_11-eps-converted-to.pdf Graphic file (type pdf)
 <use pictures/install_V_bd_11-eps-converted-to.pdf>
Package pdftex.def Info: pictures/install_V_bd_11-eps-converted-to.pdf used on 
input line 50.
(pdftex.def)             Requested size: 227.62204pt x 95.98283pt.
 [2 <F:/git_repositories/Articles/Comparison of SiPMs/pictures/install_V_bd_11-
eps-converted-to.pdf>]
Package epstopdf Info: Source file: <pictures/sipm_spectrum_eng.eps>
(epstopdf)                    date: 2016-04-30 19:21:46
(epstopdf)                    size: 114776 bytes
(epstopdf)             Output file: <pictures/sipm_spectrum_eng-eps-converted-t
o.pdf>
(epstopdf)                    date: 2016-04-30 19:21:46
(epstopdf)                    size: 45645 bytes
(epstopdf)             Command: <epstopdf --outfile=pictures/sipm_spectrum_eng-
eps-converted-to.pdf pictures/sipm_spectrum_eng.eps>
(epstopdf)             \includegraphics on input line 66.
Package epstopdf Info: Output file is already uptodate.

<pictures/sipm_spectrum_eng-eps-converted-to.pdf, id=28, 819.06pt x 764.8575pt>
File: pictures/sipm_spectrum_eng-eps-converted-to.pdf Graphic file (type pdf)
<use pictures/sipm_spectrum_eng-eps-converted-to.pdf>
Package pdftex.def Info: pictures/sipm_spectrum_eng-eps-converted-to.pdf used o
n input line 66.
(pdftex.def)             Requested size: 227.62204pt x 212.55974pt.

Overfull \hbox (6.45195pt too wide) in paragraph at lines 73--78
[]\T2A/cmr/m/n/12 where $\OML/cmm/m/it/12 ADC[]\OT1/cmr/m/n/12 [\OML/cmm/m/it/1
2 C=\OT1/cmr/m/n/12 (\OML/cmm/m/it/12 mV \OMS/cmsy/m/n/12  \OML/cmm/m/it/12 s\
OT1/cmr/m/n/12 )]$ \T2A/cmr/m/n/12 - a conversion coefficient. To determine the
 conversion
 []


Overfull \hbox (54.87926pt too wide) in paragraph at lines 79--79
[]\T2A/cmr/bx/n/17.28 Ñross-talk and after-pulsing probabilities finding algori
thm 
 []

[3 <F:/git_repositories/Articles/Comparison of SiPMs/pictures/sipm_spectrum_eng
-eps-converted-to.pdf>]
Overfull \hbox (0.44379pt too wide) in paragraph at lines 115--120
\T2A/cmr/m/n/12 function. Function parameters characterize time constants and p
robabilities of processes
 []

[4]
Overfull \hbox (74.22661pt too wide) in alignment at lines 130--135
 [][][] []
 []

[5]
Package epstopdf Info: Source file: <pictures/install_V_bd_22.eps>
(epstopdf)                    date: 2016-04-30 19:21:46
(epstopdf)                    size: 24974 bytes
(epstopdf)             Output file: <pictures/install_V_bd_22-eps-converted-to.
pdf>
(epstopdf)                    date: 2016-04-30 19:21:46
(epstopdf)                    size: 10096 bytes
(epstopdf)             Command: <epstopdf --outfile=pictures/install_V_bd_22-ep
s-converted-to.pdf pictures/install_V_bd_22.eps>
(epstopdf)             \includegraphics on input line 172.
Package epstopdf Info: Output file is already uptodate.

<pictures/install_V_bd_22-eps-converted-to.pdf, id=84, 720.6925pt x 284.06125pt
>
File: pictures/install_V_bd_22-eps-converted-to.pdf Graphic file (type pdf)
 <use pictures/install_V_bd_22-eps-converted-to.pdf>
Package pdftex.def Info: pictures/install_V_bd_22-eps-converted-to.pdf used on 
input line 172.
(pdftex.def)             Requested size: 227.62204pt x 89.7138pt.
Package epstopdf Info: Source file: <pictures/signal_form_comparison.eps>
(epstopdf)                    date: 2016-04-30 19:21:46
(epstopdf)                    size: 162644 bytes
(epstopdf)             Output file: <pictures/signal_form_comparison-eps-conver
ted-to.pdf>
(epstopdf)                    date: 2016-04-30 19:21:46
(epstopdf)                    size: 61342 bytes
(epstopdf)             Command: <epstopdf --outfile=pictures/signal_form_compar
ison-eps-converted-to.pdf pictures/signal_form_comparison.eps>
(epstopdf)             \includegraphics on input line 195.
Package epstopdf Info: Output file is already uptodate.

<pictures/signal_form_comparison-eps-converted-to.pdf, id=85, 821.0675pt x 792.
9625pt>
File: pictures/signal_form_comparison-eps-converted-to.pdf Graphic file (type p
df)
 <use pictures/signal_form_comparison-eps-converted-to.pdf>
Package pdftex.def Info: pictures/signal_form_comparison-eps-converted-to.pdf u
sed on input line 195.
(pdftex.def)             Requested size: 227.62204pt x 219.82585pt.


LaTeX Warning: `h' float specifier changed to `ht'.

[6 <F:/git_repositories/Articles/Comparison of SiPMs/pictures/install_V_bd_22-e
ps-converted-to.pdf>] [7 <F:/git_repositories/Articles/Comparison of SiPMs/pict
ures/signal_form_comparison-eps-converted-to.pdf>]
Package epstopdf Info: Source file: <pictures/Hamamatsu_S10362-11-100C_295K_1OV
_amp_th_eng.eps>
(epstopdf)                    date: 2016-04-30 19:21:46
(epstopdf)                    size: 82389 bytes
(epstopdf)             Output file: <pictures/Hamamatsu_S10362-11-100C_295K_1OV
_amp_th_eng-eps-converted-to.pdf>
(epstopdf)                    date: 2016-04-30 19:21:46
(epstopdf)                    size: 36212 bytes
(epstopdf)             Command: <epstopdf --outfile=pictures/Hamamatsu_S10362-1
1-100C_295K_1OV_amp_th_eng-eps-converted-to.pdf pictures/Hamamatsu_S10362-11-10
0C_295K_1OV_amp_th_eng.eps>
(epstopdf)             \includegraphics on input line 250.
Package epstopdf Info: Output file is already uptodate.

<pictures/Hamamatsu_S10362-11-100C_295K_1OV_amp_th_eng-eps-converted-to.pdf, id
=152, 822.07124pt x 829.0975pt>
File: pictures/Hamamatsu_S10362-11-100C_295K_1OV_amp_th_eng-eps-converted-to.pd
f Graphic file (type pdf)

<use pictures/Hamamatsu_S10362-11-100C_295K_1OV_amp_th_eng-eps-converted-to.pdf
>
Package pdftex.def Info: pictures/Hamamatsu_S10362-11-100C_295K_1OV_amp_th_eng-
eps-converted-to.pdf used on input line 250.
(pdftex.def)             Requested size: 207.27887pt x 209.045pt.
Package epstopdf Info: Source file: <pictures/Hamamatsu_S10362-11-100C_295K_1OV
_der_th_eng.eps>
(epstopdf)                    date: 2016-04-30 19:21:46
(epstopdf)                    size: 96167 bytes
(epstopdf)             Output file: <pictures/Hamamatsu_S10362-11-100C_295K_1OV
_der_th_eng-eps-converted-to.pdf>
(epstopdf)                    date: 2016-04-30 19:21:46
(epstopdf)                    size: 53059 bytes
(epstopdf)             Command: <epstopdf --outfile=pictures/Hamamatsu_S10362-1
1-100C_295K_1OV_der_th_eng-eps-converted-to.pdf pictures/Hamamatsu_S10362-11-10
0C_295K_1OV_der_th_eng.eps>
(epstopdf)             \includegraphics on input line 252.
Package epstopdf Info: Output file is already uptodate.

<pictures/Hamamatsu_S10362-11-100C_295K_1OV_der_th_eng-eps-converted-to.pdf, id
=153, 820.06375pt x 777.90625pt>
File: pictures/Hamamatsu_S10362-11-100C_295K_1OV_der_th_eng-eps-converted-to.pd
f Graphic file (type pdf)

<use pictures/Hamamatsu_S10362-11-100C_295K_1OV_der_th_eng-eps-converted-to.pdf
>
Package pdftex.def Info: pictures/Hamamatsu_S10362-11-100C_295K_1OV_der_th_eng-
eps-converted-to.pdf used on input line 252.
(pdftex.def)             Requested size: 207.27887pt x 196.62453pt.

Underfull \hbox (badness 1371) in paragraph at lines 256--256
\T2A/cmr/m/n/12 of found signals from the amplitude
 []


Underfull \hbox (badness 4036) in paragraph at lines 256--256
\T2A/cmr/m/n/12 threshold and the dead time $\OML/cmm/m/it/12 []$
 []


Underfull \hbox (badness 1675) in paragraph at lines 260--260
\T2A/cmr/m/n/12 of found signals from the derivative
 []


Underfull \hbox (badness 10000) in paragraph at lines 260--260
\T2A/cmr/m/n/12 Hamamatsu S10362-11-100C at 1V
 []


Underfull \hbox (badness 10000) in paragraph at lines 260--260
\T2A/cmr/m/n/12 overvoltage and 295K temperature.
 []


Underfull \hbox (badness 1454) in paragraph at lines 260--260
\T2A/cmr/m/n/12 Only signals exceeding the threshold
 []


LaTeX Warning: `h' float specifier changed to `ht'.


Underfull \hbox (badness 10000) in paragraph at lines 267--273

 []

[8]
Package epstopdf Info: Source file: <pictures/Hamamatsu_S10362-11-100C_295K_1V_
Chi2_amp_1.eps>
(epstopdf)                    date: 2016-04-30 19:21:46
(epstopdf)                    size: 769488 bytes
(epstopdf)             Output file: <pictures/Hamamatsu_S10362-11-100C_295K_1V_
Chi2_amp_1-eps-converted-to.pdf>
(epstopdf)                    date: 2016-04-30 19:21:46
(epstopdf)                    size: 483990 bytes
(epstopdf)             Command: <epstopdf --outfile=pictures/Hamamatsu_S10362-1
1-100C_295K_1V_Chi2_amp_1-eps-converted-to.pdf pictures/Hamamatsu_S10362-11-100
C_295K_1V_Chi2_amp_1.eps>
(epstopdf)             \includegraphics on input line 287.
Package epstopdf Info: Output file is already uptodate.

<pictures/Hamamatsu_S10362-11-100C_295K_1V_Chi2_amp_1-eps-converted-to.pdf, id=
157, 818.05624pt x 787.94376pt>
File: pictures/Hamamatsu_S10362-11-100C_295K_1V_Chi2_amp_1-eps-converted-to.pdf
 Graphic file (type pdf)

<use pictures/Hamamatsu_S10362-11-100C_295K_1V_Chi2_amp_1-eps-converted-to.pdf>
Package pdftex.def Info: pictures/Hamamatsu_S10362-11-100C_295K_1V_Chi2_amp_1-e
ps-converted-to.pdf used on input line 287.
(pdftex.def)             Requested size: 207.27887pt x 199.64255pt.
Package epstopdf Info: Source file: <pictures/Hamamatsu_S10362-11-100C_295K_1_O
V_Chi2_amp1_amp2_eng.eps>
(epstopdf)                    date: 2016-04-30 19:21:46
(epstopdf)                    size: 614019 bytes
(epstopdf)             Output file: <pictures/Hamamatsu_S10362-11-100C_295K_1_O
V_Chi2_amp1_amp2_eng-eps-converted-to.pdf>
(epstopdf)                    date: 2016-04-30 19:21:46
(epstopdf)                    size: 402147 bytes
(epstopdf)             Command: <epstopdf --outfile=pictures/Hamamatsu_S10362-1
1-100C_295K_1_OV_Chi2_amp1_amp2_eng-eps-converted-to.pdf pictures/Hamamatsu_S10
362-11-100C_295K_1_OV_Chi2_amp1_amp2_eng.eps>
(epstopdf)             \includegraphics on input line 289.
Package epstopdf Info: Output file is already uptodate.

<pictures/Hamamatsu_S10362-11-100C_295K_1_OV_Chi2_amp1_amp2_eng-eps-converted-t
o.pdf, id=158, 819.06pt x 782.925pt>
File: pictures/Hamamatsu_S10362-11-100C_295K_1_OV_Chi2_amp1_amp2_eng-eps-conver
ted-to.pdf Graphic file (type pdf)

<use pictures/Hamamatsu_S10362-11-100C_295K_1_OV_Chi2_amp1_amp2_eng-eps-convert
ed-to.pdf>
Package pdftex.def Info: pictures/Hamamatsu_S10362-11-100C_295K_1_OV_Chi2_amp1_
amp2_eng-eps-converted-to.pdf used on input line 289.
(pdftex.def)             Requested size: 207.27887pt x 198.132pt.

Underfull \hbox (badness 1253) in paragraph at lines 293--293
[][]\T2A/cmr/m/n/12 Ðèñ. 7. The correlation between the
 []


Underfull \hbox (badness 5374) in paragraph at lines 293--293
\T2A/cmr/m/n/12 total amplitude $\OML/cmm/m/it/12 amp[] \OT1/cmr/m/n/12 + \OML/
cmm/m/it/12 amp[]$ \T2A/cmr/m/n/12 and
 []


Underfull \hbox (badness 10000) in paragraph at lines 293--293
\T2A/cmr/m/n/12 by one--component function. The
 []


LaTeX Warning: `h' float specifier changed to `ht'.

Package epstopdf Info: Source file: <pictures/Hamamatsu_S10362-11-100C_295K_1_O
V_amp1_amp2_dt_A2_eng.eps>
(epstopdf)                    date: 2016-04-30 19:21:46
(epstopdf)                    size: 340228 bytes
(epstopdf)             Output file: <pictures/Hamamatsu_S10362-11-100C_295K_1_O
V_amp1_amp2_dt_A2_eng-eps-converted-to.pdf>
(epstopdf)                    date: 2016-04-30 19:21:46
(epstopdf)                    size: 350773 bytes
(epstopdf)             Command: <epstopdf --outfile=pictures/Hamamatsu_S10362-1
1-100C_295K_1_OV_amp1_amp2_dt_A2_eng-eps-converted-to.pdf pictures/Hamamatsu_S1
0362-11-100C_295K_1_OV_amp1_amp2_dt_A2_eng.eps>
(epstopdf)             \includegraphics on input line 304.
Package epstopdf Info: Output file is already uptodate.

<pictures/Hamamatsu_S10362-11-100C_295K_1_OV_amp1_amp2_dt_A2_eng-eps-converted-
to.pdf, id=159, 820.06375pt x 797.98125pt>
File: pictures/Hamamatsu_S10362-11-100C_295K_1_OV_amp1_amp2_dt_A2_eng-eps-conve
rted-to.pdf Graphic file (type pdf)

<use pictures/Hamamatsu_S10362-11-100C_295K_1_OV_amp1_amp2_dt_A2_eng-eps-conver
ted-to.pdf>
Package pdftex.def Info: pictures/Hamamatsu_S10362-11-100C_295K_1_OV_amp1_amp2_
dt_A2_eng-eps-converted-to.pdf used on input line 304.
(pdftex.def)             Requested size: 207.27887pt x 201.69872pt.
Package epstopdf Info: Source file: <pictures/Hamamatsu_S10362-11-100C_295K_1_O
V_amp1_amp2_dt_B2_eng.eps>
(epstopdf)                    date: 2016-04-30 19:21:46
(epstopdf)                    size: 158973 bytes
(epstopdf)             Output file: <pictures/Hamamatsu_S10362-11-100C_295K_1_O
V_amp1_amp2_dt_B2_eng-eps-converted-to.pdf>
(epstopdf)                    date: 2016-04-30 19:21:46
(epstopdf)                    size: 127365 bytes
(epstopdf)             Command: <epstopdf --outfile=pictures/Hamamatsu_S10362-1
1-100C_295K_1_OV_amp1_amp2_dt_B2_eng-eps-converted-to.pdf pictures/Hamamatsu_S1
0362-11-100C_295K_1_OV_amp1_amp2_dt_B2_eng.eps>
(epstopdf)             \includegraphics on input line 306.
Package epstopdf Info: Output file is already uptodate.

<pictures/Hamamatsu_S10362-11-100C_295K_1_OV_amp1_amp2_dt_B2_eng-eps-converted-
to.pdf, id=160, 820.06375pt x 797.98125pt>
File: pictures/Hamamatsu_S10362-11-100C_295K_1_OV_amp1_amp2_dt_B2_eng-eps-conve
rted-to.pdf Graphic file (type pdf)

<use pictures/Hamamatsu_S10362-11-100C_295K_1_OV_amp1_amp2_dt_B2_eng-eps-conver
ted-to.pdf>
Package pdftex.def Info: pictures/Hamamatsu_S10362-11-100C_295K_1_OV_amp1_amp2_
dt_B2_eng-eps-converted-to.pdf used on input line 306.
(pdftex.def)             Requested size: 207.27887pt x 201.69872pt.

Underfull \hbox (badness 1253) in paragraph at lines 311--311
[][]\T2A/cmr/m/n/12 Ðèñ. 9. The correlation between the
 []


LaTeX Warning: `h' float specifier changed to `ht'.

[9 <F:/git_repositories/Articles/Comparison of SiPMs/pictures/Hamamatsu_S10362-
11-100C_295K_1OV_amp_th_eng-eps-converted-to.pdf> <F:/git_repositories/Articles
/Comparison of SiPMs/pictures/Hamamatsu_S10362-11-100C_295K_1OV_der_th_eng-eps-
converted-to.pdf>]
Overfull \hbox (16.1372pt too wide) in paragraph at lines 337--340
[][]\T2A/cmr/m/n/12 As a result, we obtained the pulse interval spectrum shown 
in Fig. 11[]. By approximating
 []

[10 <F:/git_repositories/Articles/Comparison of SiPMs/pictures/Hamamatsu_S10362
-11-100C_295K_1V_Chi2_amp_1-eps-converted-to.pdf> <F:/git_repositories/Articles
/Comparison of SiPMs/pictures/Hamamatsu_S10362-11-100C_295K_1_OV_Chi2_amp1_amp2
_eng-eps-converted-to.pdf>]
Package epstopdf Info: Source file: <pictures/Hamamatsu_S10362-11-100C_295K_1_O
V_dt_spectrum.eps>
(epstopdf)                    date: 2016-04-30 19:21:46
(epstopdf)                    size: 226914 bytes
(epstopdf)             Output file: <pictures/Hamamatsu_S10362-11-100C_295K_1_O
V_dt_spectrum-eps-converted-to.pdf>
(epstopdf)                    date: 2016-04-30 19:21:46
(epstopdf)                    size: 101468 bytes
(epstopdf)             Command: <epstopdf --outfile=pictures/Hamamatsu_S10362-1
1-100C_295K_1_OV_dt_spectrum-eps-converted-to.pdf pictures/Hamamatsu_S10362-11-
100C_295K_1_OV_dt_spectrum.eps>
(epstopdf)             \includegraphics on input line 352.
Package epstopdf Info: Output file is already uptodate.

<pictures/Hamamatsu_S10362-11-100C_295K_1_OV_dt_spectrum-eps-converted-to.pdf, 
id=349, 514.92375pt x 501.875pt>
File: pictures/Hamamatsu_S10362-11-100C_295K_1_OV_dt_spectrum-eps-converted-to.
pdf Graphic file (type pdf)

<use pictures/Hamamatsu_S10362-11-100C_295K_1_OV_dt_spectrum-eps-converted-to.p
df>
Package pdftex.def Info: pictures/Hamamatsu_S10362-11-100C_295K_1_OV_dt_spectru
m-eps-converted-to.pdf used on input line 352.
(pdftex.def)             Requested size: 207.27887pt x 202.02531pt.
Package epstopdf Info: Source file: <pictures/Hamamatsu_S10362-11-100C_295K_1_O
V_dt_spectrum_timecut_eng.eps>
(epstopdf)                    date: 2016-04-30 19:21:46
(epstopdf)                    size: 88216 bytes
(epstopdf)             Output file: <pictures/Hamamatsu_S10362-11-100C_295K_1_O
V_dt_spectrum_timecut_eng-eps-converted-to.pdf>
(epstopdf)                    date: 2016-04-30 19:21:46
(epstopdf)                    size: 36105 bytes
(epstopdf)             Command: <epstopdf --outfile=pictures/Hamamatsu_S10362-1
1-100C_295K_1_OV_dt_spectrum_timecut_eng-eps-converted-to.pdf pictures/Hamamats
u_S10362-11-100C_295K_1_OV_dt_spectrum_timecut_eng.eps>
(epstopdf)             \includegraphics on input line 354.
Package epstopdf Info: Output file is already uptodate.

<pictures/Hamamatsu_S10362-11-100C_295K_1_OV_dt_spectrum_timecut_eng-eps-conver
ted-to.pdf, id=350, 820.06375pt x 797.98125pt>
File: pictures/Hamamatsu_S10362-11-100C_295K_1_OV_dt_spectrum_timecut_eng-eps-c
onverted-to.pdf Graphic file (type pdf)

<use pictures/Hamamatsu_S10362-11-100C_295K_1_OV_dt_spectrum_timecut_eng-eps-co
nverted-to.pdf>
Package pdftex.def Info: pictures/Hamamatsu_S10362-11-100C_295K_1_OV_dt_spectru
m_timecut_eng-eps-converted-to.pdf used on input line 354.
(pdftex.def)             Requested size: 207.27887pt x 201.69872pt.

Underfull \hbox (badness 10000) in paragraph at lines 359--359
\T2A/cmr/m/n/12 approximated by Eq.(9[]). Events
 []


Underfull \hbox (badness 4765) in paragraph at lines 359--359
\T2A/cmr/m/n/12 with cross--talk are not taken into
 []


Underfull \hbox (badness 10000) in paragraph at lines 359--359
\T2A/cmr/m/n/12 Hamamatsu S10362-11-100C at 1V
 []


Underfull \hbox (badness 10000) in paragraph at lines 363--363
[][]\T2A/cmr/m/n/12 Ðèñ. 12. The dependence of the
 []


Underfull \hbox (badness 10000) in paragraph at lines 363--363
\T2A/cmr/m/n/12 after--pulse fast component from
 []


Underfull \hbox (badness 10000) in paragraph at lines 363--363
\T2A/cmr/m/n/12 the pulse interval threshold. The
 []


LaTeX Warning: `h' float specifier changed to `ht'.

[11 <F:/git_repositories/Articles/Comparison of SiPMs/pictures/Hamamatsu_S10362
-11-100C_295K_1_OV_amp1_amp2_dt_A2_eng-eps-converted-to.pdf> <F:/git_repositori
es/Articles/Comparison of SiPMs/pictures/Hamamatsu_S10362-11-100C_295K_1_OV_amp
1_amp2_dt_B2_eng-eps-converted-to.pdf>]
Overfull \hbox (6.87224pt too wide) in paragraph at lines 372--375
[]\T2A/cmr/m/n/12 where $\OML/cmm/m/it/12 A$ \T2A/cmr/m/n/12 is a constant, dep
ending on a voltage, the material and technological parameters,
 []

Package epstopdf Info: Source file: <pictures/Hamamatsu_S10362-11-100C_dc_vs_T_
eng.eps>
(epstopdf)                    date: 2016-04-30 19:21:46
(epstopdf)                    size: 114125 bytes
(epstopdf)             Output file: <pictures/Hamamatsu_S10362-11-100C_dc_vs_T_
eng-eps-converted-to.pdf>
(epstopdf)                    date: 2016-04-30 19:21:46
(epstopdf)                    size: 44263 bytes
(epstopdf)             Command: <epstopdf --outfile=pictures/Hamamatsu_S10362-1
1-100C_dc_vs_T_eng-eps-converted-to.pdf pictures/Hamamatsu_S10362-11-100C_dc_vs
_T_eng.eps>
(epstopdf)             \includegraphics on input line 381.
Package epstopdf Info: Output file is already uptodate.

<pictures/Hamamatsu_S10362-11-100C_dc_vs_T_eng-eps-converted-to.pdf, id=438, 82
1.0675pt x 789.95125pt>
File: pictures/Hamamatsu_S10362-11-100C_dc_vs_T_eng-eps-converted-to.pdf Graphi
c file (type pdf)

<use pictures/Hamamatsu_S10362-11-100C_dc_vs_T_eng-eps-converted-to.pdf>
Package pdftex.def Info: pictures/Hamamatsu_S10362-11-100C_dc_vs_T_eng-eps-conv
erted-to.pdf used on input line 381.
(pdftex.def)             Requested size: 207.27887pt x 199.41591pt.
Package epstopdf Info: Source file: <pictures/Hamamatsu_S10362-11-100C_dc_vs_V_
eng.eps>
(epstopdf)                    date: 2016-04-30 19:21:46
(epstopdf)                    size: 110089 bytes
(epstopdf)             Output file: <pictures/Hamamatsu_S10362-11-100C_dc_vs_V_
eng-eps-converted-to.pdf>
(epstopdf)                    date: 2016-04-30 19:21:46
(epstopdf)                    size: 44321 bytes
(epstopdf)             Command: <epstopdf --outfile=pictures/Hamamatsu_S10362-1
1-100C_dc_vs_V_eng-eps-converted-to.pdf pictures/Hamamatsu_S10362-11-100C_dc_vs
_V_eng.eps>
(epstopdf)             \includegraphics on input line 383.
Package epstopdf Info: Output file is already uptodate.

<pictures/Hamamatsu_S10362-11-100C_dc_vs_V_eng-eps-converted-to.pdf, id=439, 82
1.0675pt x 807.015pt>
File: pictures/Hamamatsu_S10362-11-100C_dc_vs_V_eng-eps-converted-to.pdf Graphi
c file (type pdf)

<use pictures/Hamamatsu_S10362-11-100C_dc_vs_V_eng-eps-converted-to.pdf>
Package pdftex.def Info: pictures/Hamamatsu_S10362-11-100C_dc_vs_V_eng-eps-conv
erted-to.pdf used on input line 383.
(pdftex.def)             Requested size: 207.27887pt x 203.7235pt.

Underfull \hbox (badness 5726) in paragraph at lines 387--387
[][]\T2A/cmr/m/n/12 Ðèñ. 13. The dependence of dark
 []


Underfull \hbox (badness 4084) in paragraph at lines 387--387
\T2A/cmr/m/n/12 noise rate on a temperature at a
 []


Underfull \hbox (badness 10000) in paragraph at lines 387--387
\T2A/cmr/m/n/12 fixed overvoltage for Hamamatsu
 []


Underfull \hbox (badness 10000) in paragraph at lines 387--387
\T2A/cmr/m/n/12 S10362-11-100C. The data were
 []


Underfull \hbox (badness 5726) in paragraph at lines 391--391
[][]\T2A/cmr/m/n/12 Ðèñ. 14. The dependence of dark
 []


Underfull \hbox (badness 5878) in paragraph at lines 391--391
\T2A/cmr/m/n/12 noise rate on a overvoltage at a
 []


Underfull \hbox (badness 10000) in paragraph at lines 391--391
\T2A/cmr/m/n/12 fixed temperature for Hamamatsu
 []


Underfull \hbox (badness 10000) in paragraph at lines 391--391
\T2A/cmr/m/n/12 S10362-11-100C. The data were
 []


LaTeX Warning: `h' float specifier changed to `ht'.

Package epstopdf Info: Source file: <pictures/Hamamatsu_S13360-3050CS_dc_vs_V_e
ng.eps>
(epstopdf)                    date: 2016-04-30 19:21:46
(epstopdf)                    size: 113025 bytes
(epstopdf)             Output file: <pictures/Hamamatsu_S13360-3050CS_dc_vs_V_e
ng-eps-converted-to.pdf>
(epstopdf)                    date: 2016-04-30 19:21:46
(epstopdf)                    size: 44119 bytes
(epstopdf)             Command: <epstopdf --outfile=pictures/Hamamatsu_S13360-3
050CS_dc_vs_V_eng-eps-converted-to.pdf pictures/Hamamatsu_S13360-3050CS_dc_vs_V
_eng.eps>
(epstopdf)             \includegraphics on input line 395.
Package epstopdf Info: Output file is already uptodate.

<pictures/Hamamatsu_S13360-3050CS_dc_vs_V_eng-eps-converted-to.pdf, id=440, 821
.0675pt x 806.01125pt>
File: pictures/Hamamatsu_S13360-3050CS_dc_vs_V_eng-eps-converted-to.pdf Graphic
 file (type pdf)

<use pictures/Hamamatsu_S13360-3050CS_dc_vs_V_eng-eps-converted-to.pdf>
Package pdftex.def Info: pictures/Hamamatsu_S13360-3050CS_dc_vs_V_eng-eps-conve
rted-to.pdf used on input line 395.
(pdftex.def)             Requested size: 207.27887pt x 203.47011pt.
Package epstopdf Info: Source file: <pictures/KETEK_PM1125NS_SB0_dc_vs_V_eng.ep
s>
(epstopdf)                    date: 2016-04-30 19:21:46
(epstopdf)                    size: 149826 bytes
(epstopdf)             Output file: <pictures/KETEK_PM1125NS_SB0_dc_vs_V_eng-ep
s-converted-to.pdf>
(epstopdf)                    date: 2016-04-30 19:21:46
(epstopdf)                    size: 53855 bytes
(epstopdf)             Command: <epstopdf --outfile=pictures/KETEK_PM1125NS_SB0
_dc_vs_V_eng-eps-converted-to.pdf pictures/KETEK_PM1125NS_SB0_dc_vs_V_eng.eps>
(epstopdf)             \includegraphics on input line 397.
Package epstopdf Info: Output file is already uptodate.

<pictures/KETEK_PM1125NS_SB0_dc_vs_V_eng-eps-converted-to.pdf, id=441, 822.0712
4pt x 818.05624pt>
File: pictures/KETEK_PM1125NS_SB0_dc_vs_V_eng-eps-converted-to.pdf Graphic file
 (type pdf)

<use pictures/KETEK_PM1125NS_SB0_dc_vs_V_eng-eps-converted-to.pdf>
Package pdftex.def Info: pictures/KETEK_PM1125NS_SB0_dc_vs_V_eng-eps-converted-
to.pdf used on input line 397.
(pdftex.def)             Requested size: 207.27887pt x 206.26111pt.

Underfull \hbox (badness 5726) in paragraph at lines 401--401
[][]\T2A/cmr/m/n/12 Ðèñ. 15. The dependence of dark
 []


Underfull \hbox (badness 5878) in paragraph at lines 401--401
\T2A/cmr/m/n/12 noise rate on a overvoltage at a
 []


Underfull \hbox (badness 10000) in paragraph at lines 401--401
\T2A/cmr/m/n/12 fixed temperature for Hamamatsu
 []


Underfull \hbox (badness 5726) in paragraph at lines 405--405
[][]\T2A/cmr/m/n/12 Ðèñ. 16. The dependence of dark
 []


Underfull \hbox (badness 10000) in paragraph at lines 405--405
\T2A/cmr/m/n/12 noise rate on a overvoltage at
 []


Underfull \hbox (badness 10000) in paragraph at lines 405--405
\T2A/cmr/m/n/12 a fixed temperature for KETEK
 []


Underfull \hbox (badness 10000) in paragraph at lines 405--405
\T2A/cmr/m/n/12 PM1125NS-SB0. The line is
 []


Underfull \hbox (badness 1394) in paragraph at lines 405--405
\T2A/cmr/m/n/12 approximation of the data by linear
 []


LaTeX Warning: `h' float specifier changed to `ht'.

[12 <F:/git_repositories/Articles/Comparison of SiPMs/pictures/Hamamatsu_S10362
-11-100C_295K_1_OV_dt_spectrum-eps-converted-to.pdf> <F:/git_repositories/Artic
les/Comparison of SiPMs/pictures/Hamamatsu_S10362-11-100C_295K_1_OV_dt_spectrum
_timecut_eng-eps-converted-to.pdf>] [13 <F:/git_repositories/Articles/Compariso
n of SiPMs/pictures/Hamamatsu_S10362-11-100C_dc_vs_T_eng-eps-converted-to.pdf> 
<F:/git_repositories/Articles/Comparison of SiPMs/pictures/Hamamatsu_S10362-11-
100C_dc_vs_V_eng-eps-converted-to.pdf>]
Package epstopdf Info: Source file: <pictures/Hamamatsu_S10362-11-100C_xtalk_vs
_T_eng.eps>
(epstopdf)                    date: 2016-04-30 19:21:46
(epstopdf)                    size: 131540 bytes
(epstopdf)             Output file: <pictures/Hamamatsu_S10362-11-100C_xtalk_vs
_T_eng-eps-converted-to.pdf>
(epstopdf)                    date: 2016-04-30 19:21:46
(epstopdf)                    size: 46305 bytes
(epstopdf)             Command: <epstopdf --outfile=pictures/Hamamatsu_S10362-1
1-100C_xtalk_vs_T_eng-eps-converted-to.pdf pictures/Hamamatsu_S10362-11-100C_xt
alk_vs_T_eng.eps>
(epstopdf)             \includegraphics on input line 442.
Package epstopdf Info: Output file is already uptodate.

<pictures/Hamamatsu_S10362-11-100C_xtalk_vs_T_eng-eps-converted-to.pdf, id=576,
 820.06375pt x 797.98125pt>
File: pictures/Hamamatsu_S10362-11-100C_xtalk_vs_T_eng-eps-converted-to.pdf Gra
phic file (type pdf)

<use pictures/Hamamatsu_S10362-11-100C_xtalk_vs_T_eng-eps-converted-to.pdf>
Package pdftex.def Info: pictures/Hamamatsu_S10362-11-100C_xtalk_vs_T_eng-eps-c
onverted-to.pdf used on input line 442.
(pdftex.def)             Requested size: 207.27887pt x 201.69872pt.
Package epstopdf Info: Source file: <pictures/Hamamatsu_S10362-11-100C_xtalk_vs
_V_eng.eps>
(epstopdf)                    date: 2016-04-30 19:21:46
(epstopdf)                    size: 128588 bytes
(epstopdf)             Output file: <pictures/Hamamatsu_S10362-11-100C_xtalk_vs
_V_eng-eps-converted-to.pdf>
(epstopdf)                    date: 2016-04-30 19:21:46
(epstopdf)                    size: 47920 bytes
(epstopdf)             Command: <epstopdf --outfile=pictures/Hamamatsu_S10362-1
1-100C_xtalk_vs_V_eng-eps-converted-to.pdf pictures/Hamamatsu_S10362-11-100C_xt
alk_vs_V_eng.eps>
(epstopdf)             \includegraphics on input line 444.
Package epstopdf Info: Output file is already uptodate.

<pictures/Hamamatsu_S10362-11-100C_xtalk_vs_V_eng-eps-converted-to.pdf, id=577,
 820.06375pt x 773.89125pt>
File: pictures/Hamamatsu_S10362-11-100C_xtalk_vs_V_eng-eps-converted-to.pdf Gra
phic file (type pdf)

<use pictures/Hamamatsu_S10362-11-100C_xtalk_vs_V_eng-eps-converted-to.pdf>
Package pdftex.def Info: pictures/Hamamatsu_S10362-11-100C_xtalk_vs_V_eng-eps-c
onverted-to.pdf used on input line 444.
(pdftex.def)             Requested size: 207.27887pt x 195.6097pt.

Underfull \hbox (badness 4441) in paragraph at lines 447--447
\T2A/cmr/m/n/12 a fixed overvoltage for Hamamatsu
 []


Underfull \hbox (badness 1701) in paragraph at lines 451--451
\T2A/cmr/m/n/12 talk probability on a overvoltage at
 []


Underfull \hbox (badness 2376) in paragraph at lines 451--451
\T2A/cmr/m/n/12 a fixed temperature for Hamamatsu
 []


Underfull \hbox (badness 10000) in paragraph at lines 451--451
\T2A/cmr/m/n/12 S10362-11-100C. The data were
 []


LaTeX Warning: `h' float specifier changed to `ht'.

Package epstopdf Info: Source file: <pictures/Hamamatsu_S13360-3050CS_xtalk_vs_
V_eng.eps>
(epstopdf)                    date: 2016-04-30 19:21:46
(epstopdf)                    size: 101902 bytes
(epstopdf)             Output file: <pictures/Hamamatsu_S13360-3050CS_xtalk_vs_
V_eng-eps-converted-to.pdf>
(epstopdf)                    date: 2016-04-30 19:21:46
(epstopdf)                    size: 42140 bytes
(epstopdf)             Command: <epstopdf --outfile=pictures/Hamamatsu_S13360-3
050CS_xtalk_vs_V_eng-eps-converted-to.pdf pictures/Hamamatsu_S13360-3050CS_xtal
k_vs_V_eng.eps>
(epstopdf)             \includegraphics on input line 455.
Package epstopdf Info: Output file is already uptodate.

<pictures/Hamamatsu_S13360-3050CS_xtalk_vs_V_eng-eps-converted-to.pdf, id=578, 
820.06375pt x 784.9325pt>
File: pictures/Hamamatsu_S13360-3050CS_xtalk_vs_V_eng-eps-converted-to.pdf Grap
hic file (type pdf)

<use pictures/Hamamatsu_S13360-3050CS_xtalk_vs_V_eng-eps-converted-to.pdf>
Package pdftex.def Info: pictures/Hamamatsu_S13360-3050CS_xtalk_vs_V_eng-eps-co
nverted-to.pdf used on input line 455.
(pdftex.def)             Requested size: 207.27887pt x 198.40048pt.
Package epstopdf Info: Source file: <pictures/KETEK_PM1125NS_SB0_x-tlak_vs_V_en
g.eps>
(epstopdf)                    date: 2016-04-30 19:21:46
(epstopdf)                    size: 96045 bytes
(epstopdf)             Output file: <pictures/KETEK_PM1125NS_SB0_x-tlak_vs_V_en
g-eps-converted-to.pdf>
(epstopdf)                    date: 2016-04-30 19:21:46
(epstopdf)                    size: 39274 bytes
(epstopdf)             Command: <epstopdf --outfile=pictures/KETEK_PM1125NS_SB0
_x-tlak_vs_V_eng-eps-converted-to.pdf pictures/KETEK_PM1125NS_SB0_x-tlak_vs_V_e
ng.eps>
(epstopdf)             \includegraphics on input line 457.
Package epstopdf Info: Output file is already uptodate.

<pictures/KETEK_PM1125NS_SB0_x-tlak_vs_V_eng-eps-converted-to.pdf, id=579, 821.
0675pt x 801.99625pt>
File: pictures/KETEK_PM1125NS_SB0_x-tlak_vs_V_eng-eps-converted-to.pdf Graphic 
file (type pdf)

<use pictures/KETEK_PM1125NS_SB0_x-tlak_vs_V_eng-eps-converted-to.pdf>
Package pdftex.def Info: pictures/KETEK_PM1125NS_SB0_x-tlak_vs_V_eng-eps-conver
ted-to.pdf used on input line 457.
(pdftex.def)             Requested size: 207.27887pt x 202.45656pt.

Underfull \hbox (badness 2376) in paragraph at lines 461--461
\T2A/cmr/m/n/12 a fixed temperature for Hamamatsu
 []


Underfull \hbox (badness 10000) in paragraph at lines 461--461
\T2A/cmr/m/n/12 S13360-3050CS. The data were
 []


Underfull \hbox (badness 7486) in paragraph at lines 465--465
\T2A/cmr/m/n/12 talk probability on an overvoltage
 []


Underfull \hbox (badness 2134) in paragraph at lines 465--465
\T2A/cmr/m/n/12 at a fixed temperature for KETEK
 []


Underfull \hbox (badness 10000) in paragraph at lines 465--465
\T2A/cmr/m/n/12 PM1125NS-SB0. The data were
 []


LaTeX Warning: `h' float specifier changed to `ht'.

[14 <F:/git_repositories/Articles/Comparison of SiPMs/pictures/Hamamatsu_S13360
-3050CS_dc_vs_V_eng-eps-converted-to.pdf> <F:/git_repositories/Articles/Compari
son of SiPMs/pictures/KETEK_PM1125NS_SB0_dc_vs_V_eng-eps-converted-to.pdf>]
Package epstopdf Info: Source file: <pictures/Hamamatsu_S10362-11-100C_p_f_vs_T
_eng.eps>
(epstopdf)                    date: 2016-04-30 19:21:46
(epstopdf)                    size: 125485 bytes
(epstopdf)             Output file: <pictures/Hamamatsu_S10362-11-100C_p_f_vs_T
_eng-eps-converted-to.pdf>
(epstopdf)                    date: 2016-04-30 19:21:46
(epstopdf)                    size: 47225 bytes
(epstopdf)             Command: <epstopdf --outfile=pictures/Hamamatsu_S10362-1
1-100C_p_f_vs_T_eng-eps-converted-to.pdf pictures/Hamamatsu_S10362-11-100C_p_f_
vs_T_eng.eps>
(epstopdf)             \includegraphics on input line 493.
Package epstopdf Info: Output file is already uptodate.

<pictures/Hamamatsu_S10362-11-100C_p_f_vs_T_eng-eps-converted-to.pdf, id=671, 8
20.06375pt x 779.91376pt>
File: pictures/Hamamatsu_S10362-11-100C_p_f_vs_T_eng-eps-converted-to.pdf Graph
ic file (type pdf)

<use pictures/Hamamatsu_S10362-11-100C_p_f_vs_T_eng-eps-converted-to.pdf>
Package pdftex.def Info: pictures/Hamamatsu_S10362-11-100C_p_f_vs_T_eng-eps-con
verted-to.pdf used on input line 493.
(pdftex.def)             Requested size: 207.27887pt x 197.13196pt.
Package epstopdf Info: Source file: <pictures/Hamamatsu_S10362-11-100C_p_f_vs_V
_eng.eps>
(epstopdf)                    date: 2016-04-30 19:21:46
(epstopdf)                    size: 133210 bytes
(epstopdf)             Output file: <pictures/Hamamatsu_S10362-11-100C_p_f_vs_V
_eng-eps-converted-to.pdf>
(epstopdf)                    date: 2016-04-30 19:21:46
(epstopdf)                    size: 48943 bytes
(epstopdf)             Command: <epstopdf --outfile=pictures/Hamamatsu_S10362-1
1-100C_p_f_vs_V_eng-eps-converted-to.pdf pictures/Hamamatsu_S10362-11-100C_p_f_
vs_V_eng.eps>
(epstopdf)             \includegraphics on input line 495.
Package epstopdf Info: Output file is already uptodate.

<pictures/Hamamatsu_S10362-11-100C_p_f_vs_V_eng-eps-converted-to.pdf, id=672, 8
20.06375pt x 797.98125pt>
File: pictures/Hamamatsu_S10362-11-100C_p_f_vs_V_eng-eps-converted-to.pdf Graph
ic file (type pdf)

<use pictures/Hamamatsu_S10362-11-100C_p_f_vs_V_eng-eps-converted-to.pdf>
Package pdftex.def Info: pictures/Hamamatsu_S10362-11-100C_p_f_vs_V_eng-eps-con
verted-to.pdf used on input line 495.
(pdftex.def)             Requested size: 207.27887pt x 201.69872pt.

Underfull \hbox (badness 10000) in paragraph at lines 499--499
[][]\T2A/cmr/m/n/12 Ðèñ. 21. The dependence of the
 []


Underfull \hbox (badness 10000) in paragraph at lines 499--499
\T2A/cmr/m/n/12 fast component probability $\OML/cmm/m/it/12 p[]$ \T2A/cmr/m/n/
12 for
 []


Underfull \hbox (badness 2790) in paragraph at lines 499--499
\T2A/cmr/m/n/12 an after--pulse on a temperature at
 []


Underfull \hbox (badness 4441) in paragraph at lines 499--499
\T2A/cmr/m/n/12 a fixed overvoltage for Hamamatsu
 []


Underfull \hbox (badness 10000) in paragraph at lines 503--503
\T2A/cmr/m/n/12 component probability $\OML/cmm/m/it/12 p[]$ \T2A/cmr/m/n/12 fo
r an
 []


Underfull \hbox (badness 4531) in paragraph at lines 503--503
\T2A/cmr/m/n/12 after--pulse on an overvoltage at a
 []


Underfull \hbox (badness 10000) in paragraph at lines 503--503
\T2A/cmr/m/n/12 fixed temperature for Hamamatsu
 []


Underfull \hbox (badness 10000) in paragraph at lines 503--503
\T2A/cmr/m/n/12 S10362-11-100C. The data were
 []


LaTeX Warning: `h' float specifier changed to `ht'.

Package epstopdf Info: Source file: <pictures/Hamamatsu_S10362-11-100C_p_s_vs_T
_eng.eps>
(epstopdf)                    date: 2016-04-30 19:21:46
(epstopdf)                    size: 127162 bytes
(epstopdf)             Output file: <pictures/Hamamatsu_S10362-11-100C_p_s_vs_T
_eng-eps-converted-to.pdf>
(epstopdf)                    date: 2016-04-30 19:21:46
(epstopdf)                    size: 50198 bytes
(epstopdf)             Command: <epstopdf --outfile=pictures/Hamamatsu_S10362-1
1-100C_p_s_vs_T_eng-eps-converted-to.pdf pictures/Hamamatsu_S10362-11-100C_p_s_
vs_T_eng.eps>
(epstopdf)             \includegraphics on input line 507.
Package epstopdf Info: Output file is already uptodate.

<pictures/Hamamatsu_S10362-11-100C_p_s_vs_T_eng-eps-converted-to.pdf, id=673, 8
20.06375pt x 779.91376pt>
File: pictures/Hamamatsu_S10362-11-100C_p_s_vs_T_eng-eps-converted-to.pdf Graph
ic file (type pdf)

<use pictures/Hamamatsu_S10362-11-100C_p_s_vs_T_eng-eps-converted-to.pdf>
Package pdftex.def Info: pictures/Hamamatsu_S10362-11-100C_p_s_vs_T_eng-eps-con
verted-to.pdf used on input line 507.
(pdftex.def)             Requested size: 207.27887pt x 197.13196pt.
Package epstopdf Info: Source file: <pictures/Hamamatsu_S10362-11-100C_p_s_vs_V
_eng.eps>
(epstopdf)                    date: 2016-04-30 19:21:46
(epstopdf)                    size: 132534 bytes
(epstopdf)             Output file: <pictures/Hamamatsu_S10362-11-100C_p_s_vs_V
_eng-eps-converted-to.pdf>
(epstopdf)                    date: 2016-04-30 19:21:46
(epstopdf)                    size: 50054 bytes
(epstopdf)             Command: <epstopdf --outfile=pictures/Hamamatsu_S10362-1
1-100C_p_s_vs_V_eng-eps-converted-to.pdf pictures/Hamamatsu_S10362-11-100C_p_s_
vs_V_eng.eps>
(epstopdf)             \includegraphics on input line 509.
Package epstopdf Info: Output file is already uptodate.

<pictures/Hamamatsu_S10362-11-100C_p_s_vs_V_eng-eps-converted-to.pdf, id=674, 8
20.06375pt x 781.92125pt>
File: pictures/Hamamatsu_S10362-11-100C_p_s_vs_V_eng-eps-converted-to.pdf Graph
ic file (type pdf)

<use pictures/Hamamatsu_S10362-11-100C_p_s_vs_V_eng-eps-converted-to.pdf>
Package pdftex.def Info: pictures/Hamamatsu_S10362-11-100C_p_s_vs_V_eng-eps-con
verted-to.pdf used on input line 509.
(pdftex.def)             Requested size: 207.27887pt x 197.63936pt.

Underfull \hbox (badness 10000) in paragraph at lines 513--513
[][]\T2A/cmr/m/n/12 Ðèñ. 23. The dependence of the
 []


Underfull \hbox (badness 7522) in paragraph at lines 513--513
\T2A/cmr/m/n/12 slow component probability $\OML/cmm/m/it/12 p[]$ \T2A/cmr/m/n/
12 for
 []


Underfull \hbox (badness 2790) in paragraph at lines 513--513
\T2A/cmr/m/n/12 an after--pulse on a temperature at
 []


Underfull \hbox (badness 4441) in paragraph at lines 513--513
\T2A/cmr/m/n/12 a fixed overvoltage for Hamamatsu
 []


Underfull \hbox (badness 10000) in paragraph at lines 517--517
[][]\T2A/cmr/m/n/12 Ðèñ. 24. The dependence of the
 []


Underfull \hbox (badness 7522) in paragraph at lines 517--517
\T2A/cmr/m/n/12 slow component probability $\OML/cmm/m/it/12 p[]$ \T2A/cmr/m/n/
12 for
 []


Underfull \hbox (badness 2435) in paragraph at lines 517--517
\T2A/cmr/m/n/12 an after--pulse on an overvoltage at
 []


Underfull \hbox (badness 2376) in paragraph at lines 517--517
\T2A/cmr/m/n/12 a fixed temperature for Hamamatsu
 []


Underfull \hbox (badness 10000) in paragraph at lines 517--517
\T2A/cmr/m/n/12 S10362-11-100C. The data were
 []


LaTeX Warning: `h' float specifier changed to `ht'.

Package epstopdf Info: Source file: <pictures/Hamamatsu_S10362-11-100C_tau_f_vs
_T_eng.eps>
(epstopdf)                    date: 2016-04-30 19:21:46
(epstopdf)                    size: 150477 bytes
(epstopdf)             Output file: <pictures/Hamamatsu_S10362-11-100C_tau_f_vs
_T_eng-eps-converted-to.pdf>
(epstopdf)                    date: 2016-04-30 19:21:46
(epstopdf)                    size: 51749 bytes
(epstopdf)             Command: <epstopdf --outfile=pictures/Hamamatsu_S10362-1
1-100C_tau_f_vs_T_eng-eps-converted-to.pdf pictures/Hamamatsu_S10362-11-100C_ta
u_f_vs_T_eng.eps>
(epstopdf)             \includegraphics on input line 521.
Package epstopdf Info: Output file is already uptodate.

<pictures/Hamamatsu_S10362-11-100C_tau_f_vs_T_eng-eps-converted-to.pdf, id=675,
 820.06375pt x 791.95876pt>
File: pictures/Hamamatsu_S10362-11-100C_tau_f_vs_T_eng-eps-converted-to.pdf Gra
phic file (type pdf)

<use pictures/Hamamatsu_S10362-11-100C_tau_f_vs_T_eng-eps-converted-to.pdf>
Package pdftex.def Info: pictures/Hamamatsu_S10362-11-100C_tau_f_vs_T_eng-eps-c
onverted-to.pdf used on input line 521.
(pdftex.def)             Requested size: 207.27887pt x 200.17645pt.
Package epstopdf Info: Source file: <pictures/Hamamatsu_S10362-11-100C_tau_f_vs
_V_eng.eps>
(epstopdf)                    date: 2016-04-30 19:21:46
(epstopdf)                    size: 114603 bytes
(epstopdf)             Output file: <pictures/Hamamatsu_S10362-11-100C_tau_f_vs
_V_eng-eps-converted-to.pdf>
(epstopdf)                    date: 2016-04-30 19:21:46
(epstopdf)                    size: 44969 bytes
(epstopdf)             Command: <epstopdf --outfile=pictures/Hamamatsu_S10362-1
1-100C_tau_f_vs_V_eng-eps-converted-to.pdf pictures/Hamamatsu_S10362-11-100C_ta
u_f_vs_V_eng.eps>
(epstopdf)             \includegraphics on input line 523.
Package epstopdf Info: Output file is already uptodate.

<pictures/Hamamatsu_S10362-11-100C_tau_f_vs_V_eng-eps-converted-to.pdf, id=676,
 820.06375pt x 811.03pt>
File: pictures/Hamamatsu_S10362-11-100C_tau_f_vs_V_eng-eps-converted-to.pdf Gra
phic file (type pdf)

<use pictures/Hamamatsu_S10362-11-100C_tau_f_vs_V_eng-eps-converted-to.pdf>
Package pdftex.def Info: pictures/Hamamatsu_S10362-11-100C_tau_f_vs_V_eng-eps-c
onverted-to.pdf used on input line 523.
(pdftex.def)             Requested size: 207.27887pt x 204.99693pt.


LaTeX Warning: `h' float specifier changed to `ht'.

Package epstopdf Info: Source file: <pictures/Hamamatsu_S10362-11-100C_tau_s_vs
_T_eng.eps>
(epstopdf)                    date: 2016-04-30 19:21:46
(epstopdf)                    size: 111371 bytes
(epstopdf)             Output file: <pictures/Hamamatsu_S10362-11-100C_tau_s_vs
_T_eng-eps-converted-to.pdf>
(epstopdf)                    date: 2016-04-30 19:21:46
(epstopdf)                    size: 43032 bytes
(epstopdf)             Command: <epstopdf --outfile=pictures/Hamamatsu_S10362-1
1-100C_tau_s_vs_T_eng-eps-converted-to.pdf pictures/Hamamatsu_S10362-11-100C_ta
u_s_vs_T_eng.eps>
(epstopdf)             \includegraphics on input line 536.
Package epstopdf Info: Output file is already uptodate.

<pictures/Hamamatsu_S10362-11-100C_tau_s_vs_T_eng-eps-converted-to.pdf, id=677,
 819.06pt x 781.92125pt>
File: pictures/Hamamatsu_S10362-11-100C_tau_s_vs_T_eng-eps-converted-to.pdf Gra
phic file (type pdf)

<use pictures/Hamamatsu_S10362-11-100C_tau_s_vs_T_eng-eps-converted-to.pdf>
Package pdftex.def Info: pictures/Hamamatsu_S10362-11-100C_tau_s_vs_T_eng-eps-c
onverted-to.pdf used on input line 536.
(pdftex.def)             Requested size: 207.27887pt x 197.87799pt.
Package epstopdf Info: Source file: <pictures/Hamamatsu_S10362-11-100C_tau_s_vs
_V_eng.eps>
(epstopdf)                    date: 2016-04-30 19:21:46
(epstopdf)                    size: 121842 bytes
(epstopdf)             Output file: <pictures/Hamamatsu_S10362-11-100C_tau_s_vs
_V_eng-eps-converted-to.pdf>
(epstopdf)                    date: 2016-04-30 19:21:46
(epstopdf)                    size: 46205 bytes
(epstopdf)             Command: <epstopdf --outfile=pictures/Hamamatsu_S10362-1
1-100C_tau_s_vs_V_eng-eps-converted-to.pdf pictures/Hamamatsu_S10362-11-100C_ta
u_s_vs_V_eng.eps>
(epstopdf)             \includegraphics on input line 538.
Package epstopdf Info: Output file is already uptodate.

<pictures/Hamamatsu_S10362-11-100C_tau_s_vs_V_eng-eps-converted-to.pdf, id=678,
 819.06pt x 784.9325pt>
File: pictures/Hamamatsu_S10362-11-100C_tau_s_vs_V_eng-eps-converted-to.pdf Gra
phic file (type pdf)

<use pictures/Hamamatsu_S10362-11-100C_tau_s_vs_V_eng-eps-converted-to.pdf>
Package pdftex.def Info: pictures/Hamamatsu_S10362-11-100C_tau_s_vs_V_eng-eps-c
onverted-to.pdf used on input line 538.
(pdftex.def)             Requested size: 207.27887pt x 198.64003pt.


LaTeX Warning: `h' float specifier changed to `ht'.

Package epstopdf Info: Source file: <pictures/Hamamatsu_S13360-3050CS_p_f_vs_V_
eng.eps>
(epstopdf)                    date: 2016-04-30 19:21:46
(epstopdf)                    size: 108485 bytes
(epstopdf)             Output file: <pictures/Hamamatsu_S13360-3050CS_p_f_vs_V_
eng-eps-converted-to.pdf>
(epstopdf)                    date: 2016-04-30 19:21:46
(epstopdf)                    size: 45161 bytes
(epstopdf)             Command: <epstopdf --outfile=pictures/Hamamatsu_S13360-3
050CS_p_f_vs_V_eng-eps-converted-to.pdf pictures/Hamamatsu_S13360-3050CS_p_f_vs
_V_eng.eps>
(epstopdf)             \includegraphics on input line 551.
Package epstopdf Info: Output file is already uptodate.

<pictures/Hamamatsu_S13360-3050CS_p_f_vs_V_eng-eps-converted-to.pdf, id=679, 82
0.06375pt x 781.92125pt>
File: pictures/Hamamatsu_S13360-3050CS_p_f_vs_V_eng-eps-converted-to.pdf Graphi
c file (type pdf)

<use pictures/Hamamatsu_S13360-3050CS_p_f_vs_V_eng-eps-converted-to.pdf>
Package pdftex.def Info: pictures/Hamamatsu_S13360-3050CS_p_f_vs_V_eng-eps-conv
erted-to.pdf used on input line 551.
(pdftex.def)             Requested size: 207.27887pt x 197.63936pt.
Package epstopdf Info: Source file: <pictures/Hamamatsu_S13360-3050CS_tau_f_vs_
V_eng.eps>
(epstopdf)                    date: 2016-04-30 19:21:46
(epstopdf)                    size: 99686 bytes
(epstopdf)             Output file: <pictures/Hamamatsu_S13360-3050CS_tau_f_vs_
V_eng-eps-converted-to.pdf>
(epstopdf)                    date: 2016-04-30 19:21:46
(epstopdf)                    size: 40914 bytes
(epstopdf)             Command: <epstopdf --outfile=pictures/Hamamatsu_S13360-3
050CS_tau_f_vs_V_eng-eps-converted-to.pdf pictures/Hamamatsu_S13360-3050CS_tau_
f_vs_V_eng.eps>
(epstopdf)             \includegraphics on input line 553.
Package epstopdf Info: Output file is already uptodate.

<pictures/Hamamatsu_S13360-3050CS_tau_f_vs_V_eng-eps-converted-to.pdf, id=680, 
819.06pt x 794.97pt>
File: pictures/Hamamatsu_S13360-3050CS_tau_f_vs_V_eng-eps-converted-to.pdf Grap
hic file (type pdf)

<use pictures/Hamamatsu_S13360-3050CS_tau_f_vs_V_eng-eps-converted-to.pdf>
Package pdftex.def Info: pictures/Hamamatsu_S13360-3050CS_tau_f_vs_V_eng-eps-co
nverted-to.pdf used on input line 553.
(pdftex.def)             Requested size: 207.27887pt x 201.18019pt.

Underfull \hbox (badness 10000) in paragraph at lines 557--557
\T2A/cmr/m/n/12 component probability $\OML/cmm/m/it/12 p[]$ \T2A/cmr/m/n/12 fo
r an
 []


Underfull \hbox (badness 4531) in paragraph at lines 557--557
\T2A/cmr/m/n/12 after--pulse on an overvoltage at a
 []


Underfull \hbox (badness 10000) in paragraph at lines 557--557
\T2A/cmr/m/n/12 fixed temperature for Hamamatsu
 []


Underfull \hbox (badness 10000) in paragraph at lines 557--557
\T2A/cmr/m/n/12 S13360-3050CS. The data were
 []


LaTeX Warning: `h' float specifier changed to `ht'.

Package epstopdf Info: Source file: <pictures/KETEK_PM1125NS_SB0_p_f_vs_V_eng.e
ps>
(epstopdf)                    date: 2016-04-30 19:21:46
(epstopdf)                    size: 97204 bytes
(epstopdf)             Output file: <pictures/KETEK_PM1125NS_SB0_p_f_vs_V_eng-e
ps-converted-to.pdf>
(epstopdf)                    date: 2016-04-30 19:21:46
(epstopdf)                    size: 42217 bytes
(epstopdf)             Command: <epstopdf --outfile=pictures/KETEK_PM1125NS_SB0
_p_f_vs_V_eng-eps-converted-to.pdf pictures/KETEK_PM1125NS_SB0_p_f_vs_V_eng.eps
>
(epstopdf)             \includegraphics on input line 565.
Package epstopdf Info: Output file is already uptodate.

<pictures/KETEK_PM1125NS_SB0_p_f_vs_V_eng-eps-converted-to.pdf, id=681, 821.067
5pt x 814.04124pt>
File: pictures/KETEK_PM1125NS_SB0_p_f_vs_V_eng-eps-converted-to.pdf Graphic fil
e (type pdf)

<use pictures/KETEK_PM1125NS_SB0_p_f_vs_V_eng-eps-converted-to.pdf>
Package pdftex.def Info: pictures/KETEK_PM1125NS_SB0_p_f_vs_V_eng-eps-converted
-to.pdf used on input line 565.
(pdftex.def)             Requested size: 207.27887pt x 205.49721pt.
Package epstopdf Info: Source file: <pictures/KETEK_PM1125NS_SB0_tau_f_vs_V_eng
.eps>
(epstopdf)                    date: 2016-04-30 19:21:46
(epstopdf)                    size: 71452 bytes
(epstopdf)             Output file: <pictures/KETEK_PM1125NS_SB0_tau_f_vs_V_eng
-eps-converted-to.pdf>
(epstopdf)                    date: 2016-04-30 19:21:46
(epstopdf)                    size: 32080 bytes
(epstopdf)             Command: <epstopdf --outfile=pictures/KETEK_PM1125NS_SB0
_tau_f_vs_V_eng-eps-converted-to.pdf pictures/KETEK_PM1125NS_SB0_tau_f_vs_V_eng
.eps>
(epstopdf)             \includegraphics on input line 567.
Package epstopdf Info: Output file is already uptodate.

<pictures/KETEK_PM1125NS_SB0_tau_f_vs_V_eng-eps-converted-to.pdf, id=682, 821.0
675pt x 812.03375pt>
File: pictures/KETEK_PM1125NS_SB0_tau_f_vs_V_eng-eps-converted-to.pdf Graphic f
ile (type pdf)

<use pictures/KETEK_PM1125NS_SB0_tau_f_vs_V_eng-eps-converted-to.pdf>
Package pdftex.def Info: pictures/KETEK_PM1125NS_SB0_tau_f_vs_V_eng-eps-convert
ed-to.pdf used on input line 567.
(pdftex.def)             Requested size: 207.27887pt x 204.99043pt.

Underfull \hbox (badness 10000) in paragraph at lines 571--571
[][]\T2A/cmr/m/n/12 Ðèñ. 31. The dependence of the
 []


Underfull \hbox (badness 10000) in paragraph at lines 571--571
\T2A/cmr/m/n/12 fast component probability $\OML/cmm/m/it/12 p[]$ \T2A/cmr/m/n/
12 for
 []


Underfull \hbox (badness 2435) in paragraph at lines 571--571
\T2A/cmr/m/n/12 an after--pulse on an overvoltage at
 []


Underfull \hbox (badness 10000) in paragraph at lines 571--571
\T2A/cmr/m/n/12 a fixed temperature for KETEK
 []


Underfull \hbox (badness 10000) in paragraph at lines 571--571
\T2A/cmr/m/n/12 PM1125NS-SB0. The data were
 []


LaTeX Warning: `h' float specifier changed to `ht'.

[15 <F:/git_repositories/Articles/Comparison of SiPMs/pictures/Hamamatsu_S10362
-11-100C_xtalk_vs_T_eng-eps-converted-to.pdf> <F:/git_repositories/Articles/Com
parison of SiPMs/pictures/Hamamatsu_S10362-11-100C_xtalk_vs_V_eng-eps-converted
-to.pdf>]
Overfull \hbox (0.67427pt too wide) in paragraph at lines 587--588
\T2A/cmr/m/n/12 dark noise, probabilities for cross-talk and after-pulsing and 
after-pulsing time constants
 []


Overfull \hbox (29.5853pt too wide) in paragraph at lines 589--597
[][]\T2A/cmr/m/n/12 An offline signal processing was performed by the pulse app
roximation with reconstruction
 []

[16 <F:/git_repositories/Articles/Comparison of SiPMs/pictures/Hamamatsu_S13360
-3050CS_xtalk_vs_V_eng-eps-converted-to.pdf> <F:/git_repositories/Articles/Comp
arison of SiPMs/pictures/KETEK_PM1125NS_SB0_x-tlak_vs_V_eng-eps-converted-to.pd
f>]
Overfull \hbox (11.76755pt too wide) in paragraph at lines 602--606
[][]\T2A/cmr/m/n/12 The cross-talk probability for Hamamatsu S10362-11-100C at 
an operating overvoltage
 []

) [17 <F:/git_repositories/Articles/Comparison of SiPMs/pictures/Hamamatsu_S103
62-11-100C_p_f_vs_T_eng-eps-converted-to.pdf> <F:/git_repositories/Articles/Com
parison of SiPMs/pictures/Hamamatsu_S10362-11-100C_p_f_vs_V_eng-eps-converted-t
o.pdf>] [18 <F:/git_repositories/Articles/Comparison of SiPMs/pictures/Hamamats
u_S10362-11-100C_p_s_vs_T_eng-eps-converted-to.pdf> <F:/git_repositories/Articl
es/Comparison of SiPMs/pictures/Hamamatsu_S10362-11-100C_p_s_vs_V_eng-eps-conve
rted-to.pdf> <F:/git_repositories/Articles/Comparison of SiPMs/pictures/Hamamat
su_S10362-11-100C_tau_f_vs_T_eng-eps-converted-to.pdf> <F:/git_repositories/Art
icles/Comparison of SiPMs/pictures/Hamamatsu_S10362-11-100C_tau_f_vs_V_eng-eps-
converted-to.pdf>] [19 <F:/git_repositories/Articles/Comparison of SiPMs/pictur
es/Hamamatsu_S10362-11-100C_tau_s_vs_T_eng-eps-converted-to.pdf> <F:/git_reposi
tories/Articles/Comparison of SiPMs/pictures/Hamamatsu_S10362-11-100C_tau_s_vs_
V_eng-eps-converted-to.pdf> <F:/git_repositories/Articles/Comparison of SiPMs/p
ictures/Hamamatsu_S13360-3050CS_p_f_vs_V_eng-eps-converted-to.pdf> <F:/git_repo
sitories/Articles/Comparison of SiPMs/pictures/Hamamatsu_S13360-3050CS_tau_f_vs
_V_eng-eps-converted-to.pdf>] [20 <F:/git_repositories/Articles/Comparison of S
iPMs/pictures/KETEK_PM1125NS_SB0_p_f_vs_V_eng-eps-converted-to.pdf> <F:/git_rep
ositories/Articles/Comparison of SiPMs/pictures/KETEK_PM1125NS_SB0_tau_f_vs_V_e
ng-eps-converted-to.pdf>]
("F:\git_repositories\Articles\Comparison of SiPMs\bibliography.tex") [21


]
("F:\git_repositories\Articles\Comparison of SiPMs\main.aux"
("F:\git_repositories\Articles\Comparison of SiPMs\content_eng.aux")
("F:\git_repositories\Articles\Comparison of SiPMs\bibliography.aux")) ) 
Here is how much of TeX's memory you used:
 5208 strings out of 493921
 79604 string characters out of 3150556
 141816 words of memory out of 3000000
 8249 multiletter control sequences out of 15000+200000
 18276 words of font info for 49 fonts, out of 3000000 for 9000
 841 hyphenation exceptions out of 8191
 42i,12n,28p,497b,279s stack positions out of 5000i,500n,10000p,200000b,50000s
{C:/Lat
ex/Full_TeX/texmf/fonts/enc/dvips/cm-super/cm-super-t2a.enc}<C:/Latex/Full_TeX/
texmf/fonts/type1/public/amsfonts/cm/cmex10.pfb><C:/Latex/Full_TeX/texmf/fonts/
type1/public/amsfonts/cm/cmmi12.pfb><C:/Latex/Full_TeX/texmf/fonts/type1/public
/amsfonts/cm/cmmi6.pfb><C:/Latex/Full_TeX/texmf/fonts/type1/public/amsfonts/cm/
cmmi8.pfb><C:/Latex/Full_TeX/texmf/fonts/type1/public/amsfonts/cm/cmr12.pfb><C:
/Latex/Full_TeX/texmf/fonts/type1/public/amsfonts/cm/cmr6.pfb><C:/Latex/Full_Te
X/texmf/fonts/type1/public/amsfonts/cm/cmr8.pfb><C:/Latex/Full_TeX/texmf/fonts/
type1/public/amsfonts/cm/cmsy10.pfb><C:/Latex/Full_TeX/texmf/fonts/type1/public
/amsfonts/cm/cmsy8.pfb><C:/Latex/Full_TeX/texmf/fonts/type1/public/cm-super/sfb
x1440.pfb><C:/Latex/Full_TeX/texmf/fonts/type1/public/cm-super/sfbx1728.pfb><C:
/Latex/Full_TeX/texmf/fonts/type1/public/cm-super/sfrm0800.pfb><C:/Latex/Full_T
eX/texmf/fonts/type1/public/cm-super/sfrm1200.pfb>
Output written on main.pdf (21 pages, 2825196 bytes).
PDF statistics:
 1484 PDF objects out of 1728 (max. 8388607)
 0 named destinations out of 1000 (max. 500000)
 181 words of extra memory for PDF output out of 10000 (max. 10000000)

